<?xml version="1.0" encoding="UTF-8"?>
<testng-results ignored="2" total="3" passed="1" failed="0" skipped="0">
  <reporter-output>
  </reporter-output>
  <suite started-at="2021-06-03T10:48:16 IST" name="Default suite" finished-at="2021-06-03T10:48:17 IST" duration-ms="117">
    <groups>
    </groups>
    <test started-at="2021-06-03T10:48:16 IST" name="Default test" finished-at="2021-06-03T10:48:17 IST" duration-ms="117">
      <class name="main.TestNgprac">
        <test-method is-config="true" signature="beforetest()[pri:0, instance:main.TestNgprac@446293d]" started-at="2021-06-03T10:48:16 IST" name="beforetest" finished-at="2021-06-03T10:48:16 IST" duration-ms="20" status="PASS">
          <reporter-output>
          </reporter-output>
        </test-method> <!-- beforetest -->
        <test-method is-config="true" signature="beforemethod()[pri:0, instance:main.TestNgprac@446293d]" started-at="2021-06-03T10:48:16 IST" name="beforemethod" finished-at="2021-06-03T10:48:16 IST" duration-ms="1" status="PASS">
          <reporter-output>
          </reporter-output>
        </test-method> <!-- beforemethod -->
        <test-method signature="test3()[pri:0, instance:main.TestNgprac@446293d]" started-at="2021-06-03T10:48:16 IST" name="test3" finished-at="2021-06-03T10:48:17 IST" duration-ms="11" status="PASS">
          <reporter-output>
          </reporter-output>
        </test-method> <!-- test3 -->
        <test-method is-config="true" signature="aftermethod()[pri:0, instance:main.TestNgprac@446293d]" started-at="2021-06-03T10:48:17 IST" name="aftermethod" finished-at="2021-06-03T10:48:17 IST" duration-ms="1" status="PASS">
          <reporter-output>
          </reporter-output>
        </test-method> <!-- aftermethod -->
        <test-method is-config="true" signature="aftertest()[pri:0, instance:main.TestNgprac@446293d]" started-at="2021-06-03T10:48:17 IST" name="aftertest" finished-at="2021-06-03T10:48:17 IST" duration-ms="1" status="PASS">
          <reporter-output>
          </reporter-output>
        </test-method> <!-- aftertest -->
      </class> <!-- main.TestNgprac -->
    </test> <!-- Default test -->
  </suite> <!-- Default suite -->
</testng-results>
